<?xml version="1.0" encoding="UTF-8"?>
<testsuite xmlns:xsi="http://www.w3.org/2001/XMLSchema-instance" xsi:noNamespaceSchemaLocation="https://maven.apache.org/surefire/maven-surefire-plugin/xsd/surefire-test-report-3.0.xsd" version="3.0" name="com.app.media.service.MediaServiceImplTest" time="0.388" tests="11" errors="0" skipped="0" failures="0">
  <properties>
    <property name="java.specification.version" value="21"/>
    <property name="sun.cpu.isalist" value="amd64"/>
    <property name="sun.jnu.encoding" value="Cp1252"/>
    <property name="java.class.path" value="D:\prasanna\z-ai\aug23\workspace-be\purchase-post-service\target\test-classes;D:\prasanna\z-ai\aug23\workspace-be\purchase-post-service\target\classes;C:\Users\siebe\.m2\repository\org\springframework\boot\spring-boot-starter-web\3.2.9\spring-boot-starter-web-3.2.9.jar;C:\Users\siebe\.m2\repository\org\springframework\boot\spring-boot-starter\3.2.9\spring-boot-starter-3.2.9.jar;C:\Users\siebe\.m2\repository\org\springframework\boot\spring-boot\3.2.9\spring-boot-3.2.9.jar;C:\Users\siebe\.m2\repository\org\springframework\boot\spring-boot-autoconfigure\3.2.9\spring-boot-autoconfigure-3.2.9.jar;C:\Users\siebe\.m2\repository\org\springframework\boot\spring-boot-starter-logging\3.2.9\spring-boot-starter-logging-3.2.9.jar;C:\Users\siebe\.m2\repository\ch\qos\logback\logback-classic\1.4.14\logback-classic-1.4.14.jar;C:\Users\siebe\.m2\repository\ch\qos\logback\logback-core\1.4.14\logback-core-1.4.14.jar;C:\Users\siebe\.m2\repository\org\apache\logging\log4j\log4j-to-slf4j\2.21.1\log4j-to-slf4j-2.21.1.jar;C:\Users\siebe\.m2\repository\org\apache\logging\log4j\log4j-api\2.21.1\log4j-api-2.21.1.jar;C:\Users\siebe\.m2\repository\org\slf4j\jul-to-slf4j\2.0.16\jul-to-slf4j-2.0.16.jar;C:\Users\siebe\.m2\repository\jakarta\annotation\jakarta.annotation-api\2.1.1\jakarta.annotation-api-2.1.1.jar;C:\Users\siebe\.m2\repository\org\yaml\snakeyaml\2.2\snakeyaml-2.2.jar;C:\Users\siebe\.m2\repository\org\springframework\boot\spring-boot-starter-json\3.2.9\spring-boot-starter-json-3.2.9.jar;C:\Users\siebe\.m2\repository\com\fasterxml\jackson\datatype\jackson-datatype-jdk8\2.15.4\jackson-datatype-jdk8-2.15.4.jar;C:\Users\siebe\.m2\repository\com\fasterxml\jackson\datatype\jackson-datatype-jsr310\2.15.4\jackson-datatype-jsr310-2.15.4.jar;C:\Users\siebe\.m2\repository\com\fasterxml\jackson\module\jackson-module-parameter-names\2.15.4\jackson-module-parameter-names-2.15.4.jar;C:\Users\siebe\.m2\repository\org\springframework\boot\spring-boot-starter-tomcat\3.2.9\spring-boot-starter-tomcat-3.2.9.jar;C:\Users\siebe\.m2\repository\org\apache\tomcat\embed\tomcat-embed-core\10.1.28\tomcat-embed-core-10.1.28.jar;C:\Users\siebe\.m2\repository\org\apache\tomcat\embed\tomcat-embed-websocket\10.1.28\tomcat-embed-websocket-10.1.28.jar;C:\Users\siebe\.m2\repository\org\springframework\spring-web\6.1.12\spring-web-6.1.12.jar;C:\Users\siebe\.m2\repository\org\springframework\spring-beans\6.1.12\spring-beans-6.1.12.jar;C:\Users\siebe\.m2\repository\io\micrometer\micrometer-observation\1.12.9\micrometer-observation-1.12.9.jar;C:\Users\siebe\.m2\repository\io\micrometer\micrometer-commons\1.12.9\micrometer-commons-1.12.9.jar;C:\Users\siebe\.m2\repository\org\springframework\spring-webmvc\6.1.12\spring-webmvc-6.1.12.jar;C:\Users\siebe\.m2\repository\org\springframework\spring-context\6.1.12\spring-context-6.1.12.jar;C:\Users\siebe\.m2\repository\org\springframework\spring-expression\6.1.12\spring-expression-6.1.12.jar;C:\Users\siebe\.m2\repository\org\springframework\boot\spring-boot-starter-data-jpa\3.2.9\spring-boot-starter-data-jpa-3.2.9.jar;C:\Users\siebe\.m2\repository\org\springframework\boot\spring-boot-starter-aop\3.2.9\spring-boot-starter-aop-3.2.9.jar;C:\Users\siebe\.m2\repository\org\aspectj\aspectjweaver\1.9.22.1\aspectjweaver-1.9.22.1.jar;C:\Users\siebe\.m2\repository\org\springframework\boot\spring-boot-starter-jdbc\3.2.9\spring-boot-starter-jdbc-3.2.9.jar;C:\Users\siebe\.m2\repository\com\zaxxer\HikariCP\5.0.1\HikariCP-5.0.1.jar;C:\Users\siebe\.m2\repository\org\springframework\spring-jdbc\6.1.12\spring-jdbc-6.1.12.jar;C:\Users\siebe\.m2\repository\org\hibernate\orm\hibernate-core\6.4.10.Final\hibernate-core-6.4.10.Final.jar;C:\Users\siebe\.m2\repository\jakarta\persistence\jakarta.persistence-api\3.1.0\jakarta.persistence-api-3.1.0.jar;C:\Users\siebe\.m2\repository\jakarta\transaction\jakarta.transaction-api\2.0.1\jakarta.transaction-api-2.0.1.jar;C:\Users\siebe\.m2\repository\org\jboss\logging\jboss-logging\3.5.3.Final\jboss-logging-3.5.3.Final.jar;C:\Users\siebe\.m2\repository\org\hibernate\common\hibernate-commons-annotations\6.0.6.Final\hibernate-commons-annotations-6.0.6.Final.jar;C:\Users\siebe\.m2\repository\io\smallrye\jandex\3.1.2\jandex-3.1.2.jar;C:\Users\siebe\.m2\repository\com\fasterxml\classmate\1.6.0\classmate-1.6.0.jar;C:\Users\siebe\.m2\repository\net\bytebuddy\byte-buddy\1.14.19\byte-buddy-1.14.19.jar;C:\Users\siebe\.m2\repository\org\glassfish\jaxb\jaxb-runtime\4.0.5\jaxb-runtime-4.0.5.jar;C:\Users\siebe\.m2\repository\org\glassfish\jaxb\jaxb-core\4.0.5\jaxb-core-4.0.5.jar;C:\Users\siebe\.m2\repository\org\eclipse\angus\angus-activation\2.0.2\angus-activation-2.0.2.jar;C:\Users\siebe\.m2\repository\org\glassfish\jaxb\txw2\4.0.5\txw2-4.0.5.jar;C:\Users\siebe\.m2\repository\com\sun\istack\istack-commons-runtime\4.1.2\istack-commons-runtime-4.1.2.jar;C:\Users\siebe\.m2\repository\jakarta\inject\jakarta.inject-api\2.0.1\jakarta.inject-api-2.0.1.jar;C:\Users\siebe\.m2\repository\org\antlr\antlr4-runtime\4.13.0\antlr4-runtime-4.13.0.jar;C:\Users\siebe\.m2\repository\org\springframework\data\spring-data-jpa\3.2.9\spring-data-jpa-3.2.9.jar;C:\Users\siebe\.m2\repository\org\springframework\data\spring-data-commons\3.2.9\spring-data-commons-3.2.9.jar;C:\Users\siebe\.m2\repository\org\springframework\spring-orm\6.1.12\spring-orm-6.1.12.jar;C:\Users\siebe\.m2\repository\org\springframework\spring-tx\6.1.12\spring-tx-6.1.12.jar;C:\Users\siebe\.m2\repository\org\springframework\spring-aspects\6.1.12\spring-aspects-6.1.12.jar;C:\Users\siebe\.m2\repository\org\springframework\boot\spring-boot-starter-websocket\3.2.9\spring-boot-starter-websocket-3.2.9.jar;C:\Users\siebe\.m2\repository\org\springframework\spring-messaging\6.1.12\spring-messaging-6.1.12.jar;C:\Users\siebe\.m2\repository\org\springframework\spring-websocket\6.1.12\spring-websocket-6.1.12.jar;C:\Users\siebe\.m2\repository\org\springframework\boot\spring-boot-starter-security\3.2.9\spring-boot-starter-security-3.2.9.jar;C:\Users\siebe\.m2\repository\org\springframework\spring-aop\6.1.12\spring-aop-6.1.12.jar;C:\Users\siebe\.m2\repository\org\springframework\security\spring-security-config\6.2.6\spring-security-config-6.2.6.jar;C:\Users\siebe\.m2\repository\org\springframework\security\spring-security-core\6.2.6\spring-security-core-6.2.6.jar;C:\Users\siebe\.m2\repository\org\springframework\security\spring-security-crypto\6.2.6\spring-security-crypto-6.2.6.jar;C:\Users\siebe\.m2\repository\org\springframework\security\spring-security-web\6.2.6\spring-security-web-6.2.6.jar;C:\Users\siebe\.m2\repository\org\springframework\boot\spring-boot-starter-validation\3.2.9\spring-boot-starter-validation-3.2.9.jar;C:\Users\siebe\.m2\repository\org\apache\tomcat\embed\tomcat-embed-el\10.1.28\tomcat-embed-el-10.1.28.jar;C:\Users\siebe\.m2\repository\org\hibernate\validator\hibernate-validator\8.0.1.Final\hibernate-validator-8.0.1.Final.jar;C:\Users\siebe\.m2\repository\jakarta\validation\jakarta.validation-api\3.0.2\jakarta.validation-api-3.0.2.jar;C:\Users\siebe\.m2\repository\com\h2database\h2\2.2.224\h2-2.2.224.jar;C:\Users\siebe\.m2\repository\io\jsonwebtoken\jjwt-api\0.12.3\jjwt-api-0.12.3.jar;C:\Users\siebe\.m2\repository\io\jsonwebtoken\jjwt-impl\0.12.3\jjwt-impl-0.12.3.jar;C:\Users\siebe\.m2\repository\io\jsonwebtoken\jjwt-jackson\0.12.3\jjwt-jackson-0.12.3.jar;C:\Users\siebe\.m2\repository\com\fasterxml\jackson\core\jackson-databind\2.15.4\jackson-databind-2.15.4.jar;C:\Users\siebe\.m2\repository\com\fasterxml\jackson\core\jackson-annotations\2.15.4\jackson-annotations-2.15.4.jar;C:\Users\siebe\.m2\repository\com\fasterxml\jackson\core\jackson-core\2.15.4\jackson-core-2.15.4.jar;C:\Users\siebe\.m2\repository\org\mapstruct\mapstruct\1.5.5.Final\mapstruct-1.5.5.Final.jar;C:\Users\siebe\.m2\repository\org\projectlombok\lombok\1.18.34\lombok-1.18.34.jar;C:\Users\siebe\.m2\repository\software\amazon\awssdk\s3\2.32.22\s3-2.32.22.jar;C:\Users\siebe\.m2\repository\software\amazon\awssdk\aws-xml-protocol\2.32.22\aws-xml-protocol-2.32.22.jar;C:\Users\siebe\.m2\repository\software\amazon\awssdk\aws-query-protocol\2.32.22\aws-query-protocol-2.32.22.jar;C:\Users\siebe\.m2\repository\software\amazon\awssdk\protocol-core\2.32.22\protocol-core-2.32.22.jar;C:\Users\siebe\.m2\repository\software\amazon\awssdk\arns\2.32.22\arns-2.32.22.jar;C:\Users\siebe\.m2\repository\software\amazon\awssdk\profiles\2.32.22\profiles-2.32.22.jar;C:\Users\siebe\.m2\repository\software\amazon\awssdk\crt-core\2.32.22\crt-core-2.32.22.jar;C:\Users\siebe\.m2\repository\software\amazon\awssdk\http-auth\2.32.22\http-auth-2.32.22.jar;C:\Users\siebe\.m2\repository\software\amazon\awssdk\identity-spi\2.32.22\identity-spi-2.32.22.jar;C:\Users\siebe\.m2\repository\software\amazon\awssdk\http-auth-spi\2.32.22\http-auth-spi-2.32.22.jar;C:\Users\siebe\.m2\repository\org\reactivestreams\reactive-streams\1.0.4\reactive-streams-1.0.4.jar;C:\Users\siebe\.m2\repository\software\amazon\awssdk\http-auth-aws\2.32.22\http-auth-aws-2.32.22.jar;C:\Users\siebe\.m2\repository\software\amazon\awssdk\checksums\2.32.22\checksums-2.32.22.jar;C:\Users\siebe\.m2\repository\software\amazon\awssdk\checksums-spi\2.32.22\checksums-spi-2.32.22.jar;C:\Users\siebe\.m2\repository\software\amazon\awssdk\retries-spi\2.32.22\retries-spi-2.32.22.jar;C:\Users\siebe\.m2\repository\software\amazon\awssdk\sdk-core\2.32.22\sdk-core-2.32.22.jar;C:\Users\siebe\.m2\repository\software\amazon\awssdk\retries\2.32.22\retries-2.32.22.jar;C:\Users\siebe\.m2\repository\software\amazon\awssdk\auth\2.32.22\auth-2.32.22.jar;C:\Users\siebe\.m2\repository\software\amazon\awssdk\http-auth-aws-eventstream\2.32.22\http-auth-aws-eventstream-2.32.22.jar;C:\Users\siebe\.m2\repository\software\amazon\eventstream\eventstream\1.0.1\eventstream-1.0.1.jar;C:\Users\siebe\.m2\repository\software\amazon\awssdk\http-client-spi\2.32.22\http-client-spi-2.32.22.jar;C:\Users\siebe\.m2\repository\software\amazon\awssdk\regions\2.32.22\regions-2.32.22.jar;C:\Users\siebe\.m2\repository\software\amazon\awssdk\annotations\2.32.22\annotations-2.32.22.jar;C:\Users\siebe\.m2\repository\software\amazon\awssdk\utils\2.32.22\utils-2.32.22.jar;C:\Users\siebe\.m2\repository\software\amazon\awssdk\aws-core\2.32.22\aws-core-2.32.22.jar;C:\Users\siebe\.m2\repository\software\amazon\awssdk\metrics-spi\2.32.22\metrics-spi-2.32.22.jar;C:\Users\siebe\.m2\repository\software\amazon\awssdk\json-utils\2.32.22\json-utils-2.32.22.jar;C:\Users\siebe\.m2\repository\software\amazon\awssdk\third-party-jackson-core\2.32.22\third-party-jackson-core-2.32.22.jar;C:\Users\siebe\.m2\repository\software\amazon\awssdk\endpoints-spi\2.32.22\endpoints-spi-2.32.22.jar;C:\Users\siebe\.m2\repository\software\amazon\awssdk\apache-client\2.32.22\apache-client-2.32.22.jar;C:\Users\siebe\.m2\repository\org\apache\httpcomponents\httpclient\4.5.13\httpclient-4.5.13.jar;C:\Users\siebe\.m2\repository\commons-logging\commons-logging\1.2\commons-logging-1.2.jar;C:\Users\siebe\.m2\repository\org\apache\httpcomponents\httpcore\4.4.16\httpcore-4.4.16.jar;C:\Users\siebe\.m2\repository\commons-codec\commons-codec\1.16.1\commons-codec-1.16.1.jar;C:\Users\siebe\.m2\repository\software\amazon\awssdk\netty-nio-client\2.32.22\netty-nio-client-2.32.22.jar;C:\Users\siebe\.m2\repository\io\netty\netty-codec-http\4.1.112.Final\netty-codec-http-4.1.112.Final.jar;C:\Users\siebe\.m2\repository\io\netty\netty-codec-http2\4.1.112.Final\netty-codec-http2-4.1.112.Final.jar;C:\Users\siebe\.m2\repository\io\netty\netty-codec\4.1.112.Final\netty-codec-4.1.112.Final.jar;C:\Users\siebe\.m2\repository\io\netty\netty-transport\4.1.112.Final\netty-transport-4.1.112.Final.jar;C:\Users\siebe\.m2\repository\io\netty\netty-common\4.1.112.Final\netty-common-4.1.112.Final.jar;C:\Users\siebe\.m2\repository\io\netty\netty-buffer\4.1.112.Final\netty-buffer-4.1.112.Final.jar;C:\Users\siebe\.m2\repository\io\netty\netty-handler\4.1.112.Final\netty-handler-4.1.112.Final.jar;C:\Users\siebe\.m2\repository\io\netty\netty-transport-native-unix-common\4.1.112.Final\netty-transport-native-unix-common-4.1.112.Final.jar;C:\Users\siebe\.m2\repository\io\netty\netty-transport-classes-epoll\4.1.112.Final\netty-transport-classes-epoll-4.1.112.Final.jar;C:\Users\siebe\.m2\repository\io\netty\netty-resolver\4.1.112.Final\netty-resolver-4.1.112.Final.jar;C:\Users\siebe\.m2\repository\software\amazon\awssdk\sqs\2.32.22\sqs-2.32.22.jar;C:\Users\siebe\.m2\repository\software\amazon\awssdk\aws-json-protocol\2.32.22\aws-json-protocol-2.32.22.jar;C:\Users\siebe\.m2\repository\io\awspring\cloud\spring-cloud-aws-starter-sqs\3.2.0\spring-cloud-aws-starter-sqs-3.2.0.jar;C:\Users\siebe\.m2\repository\io\awspring\cloud\spring-cloud-aws-starter\3.2.0\spring-cloud-aws-starter-3.2.0.jar;C:\Users\siebe\.m2\repository\io\awspring\cloud\spring-cloud-aws-autoconfigure\3.2.0\spring-cloud-aws-autoconfigure-3.2.0.jar;C:\Users\siebe\.m2\repository\io\awspring\cloud\spring-cloud-aws-core\3.2.0\spring-cloud-aws-core-3.2.0.jar;C:\Users\siebe\.m2\repository\io\awspring\cloud\spring-cloud-aws-sqs\3.2.0\spring-cloud-aws-sqs-3.2.0.jar;C:\Users\siebe\.m2\repository\org\springframework\retry\spring-retry\2.0.8\spring-retry-2.0.8.jar;C:\Users\siebe\.m2\repository\org\slf4j\slf4j-api\2.0.16\slf4j-api-2.0.16.jar;C:\Users\siebe\.m2\repository\org\springframework\boot\spring-boot-starter-test\3.2.9\spring-boot-starter-test-3.2.9.jar;C:\Users\siebe\.m2\repository\org\springframework\boot\spring-boot-test\3.2.9\spring-boot-test-3.2.9.jar;C:\Users\siebe\.m2\repository\org\springframework\boot\spring-boot-test-autoconfigure\3.2.9\spring-boot-test-autoconfigure-3.2.9.jar;C:\Users\siebe\.m2\repository\com\jayway\jsonpath\json-path\2.9.0\json-path-2.9.0.jar;C:\Users\siebe\.m2\repository\jakarta\xml\bind\jakarta.xml.bind-api\4.0.2\jakarta.xml.bind-api-4.0.2.jar;C:\Users\siebe\.m2\repository\jakarta\activation\jakarta.activation-api\2.1.3\jakarta.activation-api-2.1.3.jar;C:\Users\siebe\.m2\repository\net\minidev\json-smart\2.5.1\json-smart-2.5.1.jar;C:\Users\siebe\.m2\repository\net\minidev\accessors-smart\2.5.1\accessors-smart-2.5.1.jar;C:\Users\siebe\.m2\repository\org\ow2\asm\asm\9.6\asm-9.6.jar;C:\Users\siebe\.m2\repository\org\assertj\assertj-core\3.24.2\assertj-core-3.24.2.jar;C:\Users\siebe\.m2\repository\org\awaitility\awaitility\4.2.2\awaitility-4.2.2.jar;C:\Users\siebe\.m2\repository\org\hamcrest\hamcrest\2.2\hamcrest-2.2.jar;C:\Users\siebe\.m2\repository\org\junit\jupiter\junit-jupiter\5.10.3\junit-jupiter-5.10.3.jar;C:\Users\siebe\.m2\repository\org\junit\jupiter\junit-jupiter-api\5.10.3\junit-jupiter-api-5.10.3.jar;C:\Users\siebe\.m2\repository\org\opentest4j\opentest4j\1.3.0\opentest4j-1.3.0.jar;C:\Users\siebe\.m2\repository\org\junit\platform\junit-platform-commons\1.10.3\junit-platform-commons-1.10.3.jar;C:\Users\siebe\.m2\repository\org\apiguardian\apiguardian-api\1.1.2\apiguardian-api-1.1.2.jar;C:\Users\siebe\.m2\repository\org\junit\jupiter\junit-jupiter-params\5.10.3\junit-jupiter-params-5.10.3.jar;C:\Users\siebe\.m2\repository\org\junit\jupiter\junit-jupiter-engine\5.10.3\junit-jupiter-engine-5.10.3.jar;C:\Users\siebe\.m2\repository\org\junit\platform\junit-platform-engine\1.10.3\junit-platform-engine-1.10.3.jar;C:\Users\siebe\.m2\repository\org\mockito\mockito-core\5.7.0\mockito-core-5.7.0.jar;C:\Users\siebe\.m2\repository\net\bytebuddy\byte-buddy-agent\1.14.19\byte-buddy-agent-1.14.19.jar;C:\Users\siebe\.m2\repository\org\objenesis\objenesis\3.3\objenesis-3.3.jar;C:\Users\siebe\.m2\repository\org\mockito\mockito-junit-jupiter\5.7.0\mockito-junit-jupiter-5.7.0.jar;C:\Users\siebe\.m2\repository\org\skyscreamer\jsonassert\1.5.3\jsonassert-1.5.3.jar;C:\Users\siebe\.m2\repository\com\vaadin\external\google\android-json\0.0.20131108.vaadin1\android-json-0.0.20131108.vaadin1.jar;C:\Users\siebe\.m2\repository\org\springframework\spring-core\6.1.12\spring-core-6.1.12.jar;C:\Users\siebe\.m2\repository\org\springframework\spring-jcl\6.1.12\spring-jcl-6.1.12.jar;C:\Users\siebe\.m2\repository\org\springframework\spring-test\6.1.12\spring-test-6.1.12.jar;C:\Users\siebe\.m2\repository\org\xmlunit\xmlunit-core\2.9.1\xmlunit-core-2.9.1.jar;"/>
    <property name="java.vm.vendor" value="Oracle Corporation"/>
    <property name="sun.arch.data.model" value="64"/>
    <property name="user.variant" value=""/>
    <property name="java.vendor.url" value="https://java.oracle.com/"/>
    <property name="user.timezone" value="Asia/Calcutta"/>
    <property name="os.name" value="Windows 11"/>
    <property name="java.vm.specification.version" value="21"/>
    <property name="sun.java.launcher" value="SUN_STANDARD"/>
    <property name="user.country" value="IN"/>
    <property name="sun.boot.library.path" value="C:\Program Files\Java\jdk-21\bin"/>
    <property name="sun.java.command" value="C:\Users\siebe\AppData\Local\Temp\surefire8559307836349538652\surefirebooter-20250827171848393_3.jar C:\Users\siebe\AppData\Local\Temp\surefire8559307836349538652 2025-08-27T17-18-48_242-jvmRun1 surefire-20250827171848393_1tmp surefire_0-20250827171848393_2tmp"/>
    <property name="jdk.debug" value="release"/>
    <property name="test" value="com.app.media.**"/>
    <property name="surefire.test.class.path" value="D:\prasanna\z-ai\aug23\workspace-be\purchase-post-service\target\test-classes;D:\prasanna\z-ai\aug23\workspace-be\purchase-post-service\target\classes;C:\Users\siebe\.m2\repository\org\springframework\boot\spring-boot-starter-web\3.2.9\spring-boot-starter-web-3.2.9.jar;C:\Users\siebe\.m2\repository\org\springframework\boot\spring-boot-starter\3.2.9\spring-boot-starter-3.2.9.jar;C:\Users\siebe\.m2\repository\org\springframework\boot\spring-boot\3.2.9\spring-boot-3.2.9.jar;C:\Users\siebe\.m2\repository\org\springframework\boot\spring-boot-autoconfigure\3.2.9\spring-boot-autoconfigure-3.2.9.jar;C:\Users\siebe\.m2\repository\org\springframework\boot\spring-boot-starter-logging\3.2.9\spring-boot-starter-logging-3.2.9.jar;C:\Users\siebe\.m2\repository\ch\qos\logback\logback-classic\1.4.14\logback-classic-1.4.14.jar;C:\Users\siebe\.m2\repository\ch\qos\logback\logback-core\1.4.14\logback-core-1.4.14.jar;C:\Users\siebe\.m2\repository\org\apache\logging\log4j\log4j-to-slf4j\2.21.1\log4j-to-slf4j-2.21.1.jar;C:\Users\siebe\.m2\repository\org\apache\logging\log4j\log4j-api\2.21.1\log4j-api-2.21.1.jar;C:\Users\siebe\.m2\repository\org\slf4j\jul-to-slf4j\2.0.16\jul-to-slf4j-2.0.16.jar;C:\Users\siebe\.m2\repository\jakarta\annotation\jakarta.annotation-api\2.1.1\jakarta.annotation-api-2.1.1.jar;C:\Users\siebe\.m2\repository\org\yaml\snakeyaml\2.2\snakeyaml-2.2.jar;C:\Users\siebe\.m2\repository\org\springframework\boot\spring-boot-starter-json\3.2.9\spring-boot-starter-json-3.2.9.jar;C:\Users\siebe\.m2\repository\com\fasterxml\jackson\datatype\jackson-datatype-jdk8\2.15.4\jackson-datatype-jdk8-2.15.4.jar;C:\Users\siebe\.m2\repository\com\fasterxml\jackson\datatype\jackson-datatype-jsr310\2.15.4\jackson-datatype-jsr310-2.15.4.jar;C:\Users\siebe\.m2\repository\com\fasterxml\jackson\module\jackson-module-parameter-names\2.15.4\jackson-module-parameter-names-2.15.4.jar;C:\Users\siebe\.m2\repository\org\springframework\boot\spring-boot-starter-tomcat\3.2.9\spring-boot-starter-tomcat-3.2.9.jar;C:\Users\siebe\.m2\repository\org\apache\tomcat\embed\tomcat-embed-core\10.1.28\tomcat-embed-core-10.1.28.jar;C:\Users\siebe\.m2\repository\org\apache\tomcat\embed\tomcat-embed-websocket\10.1.28\tomcat-embed-websocket-10.1.28.jar;C:\Users\siebe\.m2\repository\org\springframework\spring-web\6.1.12\spring-web-6.1.12.jar;C:\Users\siebe\.m2\repository\org\springframework\spring-beans\6.1.12\spring-beans-6.1.12.jar;C:\Users\siebe\.m2\repository\io\micrometer\micrometer-observation\1.12.9\micrometer-observation-1.12.9.jar;C:\Users\siebe\.m2\repository\io\micrometer\micrometer-commons\1.12.9\micrometer-commons-1.12.9.jar;C:\Users\siebe\.m2\repository\org\springframework\spring-webmvc\6.1.12\spring-webmvc-6.1.12.jar;C:\Users\siebe\.m2\repository\org\springframework\spring-context\6.1.12\spring-context-6.1.12.jar;C:\Users\siebe\.m2\repository\org\springframework\spring-expression\6.1.12\spring-expression-6.1.12.jar;C:\Users\siebe\.m2\repository\org\springframework\boot\spring-boot-starter-data-jpa\3.2.9\spring-boot-starter-data-jpa-3.2.9.jar;C:\Users\siebe\.m2\repository\org\springframework\boot\spring-boot-starter-aop\3.2.9\spring-boot-starter-aop-3.2.9.jar;C:\Users\siebe\.m2\repository\org\aspectj\aspectjweaver\1.9.22.1\aspectjweaver-1.9.22.1.jar;C:\Users\siebe\.m2\repository\org\springframework\boot\spring-boot-starter-jdbc\3.2.9\spring-boot-starter-jdbc-3.2.9.jar;C:\Users\siebe\.m2\repository\com\zaxxer\HikariCP\5.0.1\HikariCP-5.0.1.jar;C:\Users\siebe\.m2\repository\org\springframework\spring-jdbc\6.1.12\spring-jdbc-6.1.12.jar;C:\Users\siebe\.m2\repository\org\hibernate\orm\hibernate-core\6.4.10.Final\hibernate-core-6.4.10.Final.jar;C:\Users\siebe\.m2\repository\jakarta\persistence\jakarta.persistence-api\3.1.0\jakarta.persistence-api-3.1.0.jar;C:\Users\siebe\.m2\repository\jakarta\transaction\jakarta.transaction-api\2.0.1\jakarta.transaction-api-2.0.1.jar;C:\Users\siebe\.m2\repository\org\jboss\logging\jboss-logging\3.5.3.Final\jboss-logging-3.5.3.Final.jar;C:\Users\siebe\.m2\repository\org\hibernate\common\hibernate-commons-annotations\6.0.6.Final\hibernate-commons-annotations-6.0.6.Final.jar;C:\Users\siebe\.m2\repository\io\smallrye\jandex\3.1.2\jandex-3.1.2.jar;C:\Users\siebe\.m2\repository\com\fasterxml\classmate\1.6.0\classmate-1.6.0.jar;C:\Users\siebe\.m2\repository\net\bytebuddy\byte-buddy\1.14.19\byte-buddy-1.14.19.jar;C:\Users\siebe\.m2\repository\org\glassfish\jaxb\jaxb-runtime\4.0.5\jaxb-runtime-4.0.5.jar;C:\Users\siebe\.m2\repository\org\glassfish\jaxb\jaxb-core\4.0.5\jaxb-core-4.0.5.jar;C:\Users\siebe\.m2\repository\org\eclipse\angus\angus-activation\2.0.2\angus-activation-2.0.2.jar;C:\Users\siebe\.m2\repository\org\glassfish\jaxb\txw2\4.0.5\txw2-4.0.5.jar;C:\Users\siebe\.m2\repository\com\sun\istack\istack-commons-runtime\4.1.2\istack-commons-runtime-4.1.2.jar;C:\Users\siebe\.m2\repository\jakarta\inject\jakarta.inject-api\2.0.1\jakarta.inject-api-2.0.1.jar;C:\Users\siebe\.m2\repository\org\antlr\antlr4-runtime\4.13.0\antlr4-runtime-4.13.0.jar;C:\Users\siebe\.m2\repository\org\springframework\data\spring-data-jpa\3.2.9\spring-data-jpa-3.2.9.jar;C:\Users\siebe\.m2\repository\org\springframework\data\spring-data-commons\3.2.9\spring-data-commons-3.2.9.jar;C:\Users\siebe\.m2\repository\org\springframework\spring-orm\6.1.12\spring-orm-6.1.12.jar;C:\Users\siebe\.m2\repository\org\springframework\spring-tx\6.1.12\spring-tx-6.1.12.jar;C:\Users\siebe\.m2\repository\org\springframework\spring-aspects\6.1.12\spring-aspects-6.1.12.jar;C:\Users\siebe\.m2\repository\org\springframework\boot\spring-boot-starter-websocket\3.2.9\spring-boot-starter-websocket-3.2.9.jar;C:\Users\siebe\.m2\repository\org\springframework\spring-messaging\6.1.12\spring-messaging-6.1.12.jar;C:\Users\siebe\.m2\repository\org\springframework\spring-websocket\6.1.12\spring-websocket-6.1.12.jar;C:\Users\siebe\.m2\repository\org\springframework\boot\spring-boot-starter-security\3.2.9\spring-boot-starter-security-3.2.9.jar;C:\Users\siebe\.m2\repository\org\springframework\spring-aop\6.1.12\spring-aop-6.1.12.jar;C:\Users\siebe\.m2\repository\org\springframework\security\spring-security-config\6.2.6\spring-security-config-6.2.6.jar;C:\Users\siebe\.m2\repository\org\springframework\security\spring-security-core\6.2.6\spring-security-core-6.2.6.jar;C:\Users\siebe\.m2\repository\org\springframework\security\spring-security-crypto\6.2.6\spring-security-crypto-6.2.6.jar;C:\Users\siebe\.m2\repository\org\springframework\security\spring-security-web\6.2.6\spring-security-web-6.2.6.jar;C:\Users\siebe\.m2\repository\org\springframework\boot\spring-boot-starter-validation\3.2.9\spring-boot-starter-validation-3.2.9.jar;C:\Users\siebe\.m2\repository\org\apache\tomcat\embed\tomcat-embed-el\10.1.28\tomcat-embed-el-10.1.28.jar;C:\Users\siebe\.m2\repository\org\hibernate\validator\hibernate-validator\8.0.1.Final\hibernate-validator-8.0.1.Final.jar;C:\Users\siebe\.m2\repository\jakarta\validation\jakarta.validation-api\3.0.2\jakarta.validation-api-3.0.2.jar;C:\Users\siebe\.m2\repository\com\h2database\h2\2.2.224\h2-2.2.224.jar;C:\Users\siebe\.m2\repository\io\jsonwebtoken\jjwt-api\0.12.3\jjwt-api-0.12.3.jar;C:\Users\siebe\.m2\repository\io\jsonwebtoken\jjwt-impl\0.12.3\jjwt-impl-0.12.3.jar;C:\Users\siebe\.m2\repository\io\jsonwebtoken\jjwt-jackson\0.12.3\jjwt-jackson-0.12.3.jar;C:\Users\siebe\.m2\repository\com\fasterxml\jackson\core\jackson-databind\2.15.4\jackson-databind-2.15.4.jar;C:\Users\siebe\.m2\repository\com\fasterxml\jackson\core\jackson-annotations\2.15.4\jackson-annotations-2.15.4.jar;C:\Users\siebe\.m2\repository\com\fasterxml\jackson\core\jackson-core\2.15.4\jackson-core-2.15.4.jar;C:\Users\siebe\.m2\repository\org\mapstruct\mapstruct\1.5.5.Final\mapstruct-1.5.5.Final.jar;C:\Users\siebe\.m2\repository\org\projectlombok\lombok\1.18.34\lombok-1.18.34.jar;C:\Users\siebe\.m2\repository\software\amazon\awssdk\s3\2.32.22\s3-2.32.22.jar;C:\Users\siebe\.m2\repository\software\amazon\awssdk\aws-xml-protocol\2.32.22\aws-xml-protocol-2.32.22.jar;C:\Users\siebe\.m2\repository\software\amazon\awssdk\aws-query-protocol\2.32.22\aws-query-protocol-2.32.22.jar;C:\Users\siebe\.m2\repository\software\amazon\awssdk\protocol-core\2.32.22\protocol-core-2.32.22.jar;C:\Users\siebe\.m2\repository\software\amazon\awssdk\arns\2.32.22\arns-2.32.22.jar;C:\Users\siebe\.m2\repository\software\amazon\awssdk\profiles\2.32.22\profiles-2.32.22.jar;C:\Users\siebe\.m2\repository\software\amazon\awssdk\crt-core\2.32.22\crt-core-2.32.22.jar;C:\Users\siebe\.m2\repository\software\amazon\awssdk\http-auth\2.32.22\http-auth-2.32.22.jar;C:\Users\siebe\.m2\repository\software\amazon\awssdk\identity-spi\2.32.22\identity-spi-2.32.22.jar;C:\Users\siebe\.m2\repository\software\amazon\awssdk\http-auth-spi\2.32.22\http-auth-spi-2.32.22.jar;C:\Users\siebe\.m2\repository\org\reactivestreams\reactive-streams\1.0.4\reactive-streams-1.0.4.jar;C:\Users\siebe\.m2\repository\software\amazon\awssdk\http-auth-aws\2.32.22\http-auth-aws-2.32.22.jar;C:\Users\siebe\.m2\repository\software\amazon\awssdk\checksums\2.32.22\checksums-2.32.22.jar;C:\Users\siebe\.m2\repository\software\amazon\awssdk\checksums-spi\2.32.22\checksums-spi-2.32.22.jar;C:\Users\siebe\.m2\repository\software\amazon\awssdk\retries-spi\2.32.22\retries-spi-2.32.22.jar;C:\Users\siebe\.m2\repository\software\amazon\awssdk\sdk-core\2.32.22\sdk-core-2.32.22.jar;C:\Users\siebe\.m2\repository\software\amazon\awssdk\retries\2.32.22\retries-2.32.22.jar;C:\Users\siebe\.m2\repository\software\amazon\awssdk\auth\2.32.22\auth-2.32.22.jar;C:\Users\siebe\.m2\repository\software\amazon\awssdk\http-auth-aws-eventstream\2.32.22\http-auth-aws-eventstream-2.32.22.jar;C:\Users\siebe\.m2\repository\software\amazon\eventstream\eventstream\1.0.1\eventstream-1.0.1.jar;C:\Users\siebe\.m2\repository\software\amazon\awssdk\http-client-spi\2.32.22\http-client-spi-2.32.22.jar;C:\Users\siebe\.m2\repository\software\amazon\awssdk\regions\2.32.22\regions-2.32.22.jar;C:\Users\siebe\.m2\repository\software\amazon\awssdk\annotations\2.32.22\annotations-2.32.22.jar;C:\Users\siebe\.m2\repository\software\amazon\awssdk\utils\2.32.22\utils-2.32.22.jar;C:\Users\siebe\.m2\repository\software\amazon\awssdk\aws-core\2.32.22\aws-core-2.32.22.jar;C:\Users\siebe\.m2\repository\software\amazon\awssdk\metrics-spi\2.32.22\metrics-spi-2.32.22.jar;C:\Users\siebe\.m2\repository\software\amazon\awssdk\json-utils\2.32.22\json-utils-2.32.22.jar;C:\Users\siebe\.m2\repository\software\amazon\awssdk\third-party-jackson-core\2.32.22\third-party-jackson-core-2.32.22.jar;C:\Users\siebe\.m2\repository\software\amazon\awssdk\endpoints-spi\2.32.22\endpoints-spi-2.32.22.jar;C:\Users\siebe\.m2\repository\software\amazon\awssdk\apache-client\2.32.22\apache-client-2.32.22.jar;C:\Users\siebe\.m2\repository\org\apache\httpcomponents\httpclient\4.5.13\httpclient-4.5.13.jar;C:\Users\siebe\.m2\repository\commons-logging\commons-logging\1.2\commons-logging-1.2.jar;C:\Users\siebe\.m2\repository\org\apache\httpcomponents\httpcore\4.4.16\httpcore-4.4.16.jar;C:\Users\siebe\.m2\repository\commons-codec\commons-codec\1.16.1\commons-codec-1.16.1.jar;C:\Users\siebe\.m2\repository\software\amazon\awssdk\netty-nio-client\2.32.22\netty-nio-client-2.32.22.jar;C:\Users\siebe\.m2\repository\io\netty\netty-codec-http\4.1.112.Final\netty-codec-http-4.1.112.Final.jar;C:\Users\siebe\.m2\repository\io\netty\netty-codec-http2\4.1.112.Final\netty-codec-http2-4.1.112.Final.jar;C:\Users\siebe\.m2\repository\io\netty\netty-codec\4.1.112.Final\netty-codec-4.1.112.Final.jar;C:\Users\siebe\.m2\repository\io\netty\netty-transport\4.1.112.Final\netty-transport-4.1.112.Final.jar;C:\Users\siebe\.m2\repository\io\netty\netty-common\4.1.112.Final\netty-common-4.1.112.Final.jar;C:\Users\siebe\.m2\repository\io\netty\netty-buffer\4.1.112.Final\netty-buffer-4.1.112.Final.jar;C:\Users\siebe\.m2\repository\io\netty\netty-handler\4.1.112.Final\netty-handler-4.1.112.Final.jar;C:\Users\siebe\.m2\repository\io\netty\netty-transport-native-unix-common\4.1.112.Final\netty-transport-native-unix-common-4.1.112.Final.jar;C:\Users\siebe\.m2\repository\io\netty\netty-transport-classes-epoll\4.1.112.Final\netty-transport-classes-epoll-4.1.112.Final.jar;C:\Users\siebe\.m2\repository\io\netty\netty-resolver\4.1.112.Final\netty-resolver-4.1.112.Final.jar;C:\Users\siebe\.m2\repository\software\amazon\awssdk\sqs\2.32.22\sqs-2.32.22.jar;C:\Users\siebe\.m2\repository\software\amazon\awssdk\aws-json-protocol\2.32.22\aws-json-protocol-2.32.22.jar;C:\Users\siebe\.m2\repository\io\awspring\cloud\spring-cloud-aws-starter-sqs\3.2.0\spring-cloud-aws-starter-sqs-3.2.0.jar;C:\Users\siebe\.m2\repository\io\awspring\cloud\spring-cloud-aws-starter\3.2.0\spring-cloud-aws-starter-3.2.0.jar;C:\Users\siebe\.m2\repository\io\awspring\cloud\spring-cloud-aws-autoconfigure\3.2.0\spring-cloud-aws-autoconfigure-3.2.0.jar;C:\Users\siebe\.m2\repository\io\awspring\cloud\spring-cloud-aws-core\3.2.0\spring-cloud-aws-core-3.2.0.jar;C:\Users\siebe\.m2\repository\io\awspring\cloud\spring-cloud-aws-sqs\3.2.0\spring-cloud-aws-sqs-3.2.0.jar;C:\Users\siebe\.m2\repository\org\springframework\retry\spring-retry\2.0.8\spring-retry-2.0.8.jar;C:\Users\siebe\.m2\repository\org\slf4j\slf4j-api\2.0.16\slf4j-api-2.0.16.jar;C:\Users\siebe\.m2\repository\org\springframework\boot\spring-boot-starter-test\3.2.9\spring-boot-starter-test-3.2.9.jar;C:\Users\siebe\.m2\repository\org\springframework\boot\spring-boot-test\3.2.9\spring-boot-test-3.2.9.jar;C:\Users\siebe\.m2\repository\org\springframework\boot\spring-boot-test-autoconfigure\3.2.9\spring-boot-test-autoconfigure-3.2.9.jar;C:\Users\siebe\.m2\repository\com\jayway\jsonpath\json-path\2.9.0\json-path-2.9.0.jar;C:\Users\siebe\.m2\repository\jakarta\xml\bind\jakarta.xml.bind-api\4.0.2\jakarta.xml.bind-api-4.0.2.jar;C:\Users\siebe\.m2\repository\jakarta\activation\jakarta.activation-api\2.1.3\jakarta.activation-api-2.1.3.jar;C:\Users\siebe\.m2\repository\net\minidev\json-smart\2.5.1\json-smart-2.5.1.jar;C:\Users\siebe\.m2\repository\net\minidev\accessors-smart\2.5.1\accessors-smart-2.5.1.jar;C:\Users\siebe\.m2\repository\org\ow2\asm\asm\9.6\asm-9.6.jar;C:\Users\siebe\.m2\repository\org\assertj\assertj-core\3.24.2\assertj-core-3.24.2.jar;C:\Users\siebe\.m2\repository\org\awaitility\awaitility\4.2.2\awaitility-4.2.2.jar;C:\Users\siebe\.m2\repository\org\hamcrest\hamcrest\2.2\hamcrest-2.2.jar;C:\Users\siebe\.m2\repository\org\junit\jupiter\junit-jupiter\5.10.3\junit-jupiter-5.10.3.jar;C:\Users\siebe\.m2\repository\org\junit\jupiter\junit-jupiter-api\5.10.3\junit-jupiter-api-5.10.3.jar;C:\Users\siebe\.m2\repository\org\opentest4j\opentest4j\1.3.0\opentest4j-1.3.0.jar;C:\Users\siebe\.m2\repository\org\junit\platform\junit-platform-commons\1.10.3\junit-platform-commons-1.10.3.jar;C:\Users\siebe\.m2\repository\org\apiguardian\apiguardian-api\1.1.2\apiguardian-api-1.1.2.jar;C:\Users\siebe\.m2\repository\org\junit\jupiter\junit-jupiter-params\5.10.3\junit-jupiter-params-5.10.3.jar;C:\Users\siebe\.m2\repository\org\junit\jupiter\junit-jupiter-engine\5.10.3\junit-jupiter-engine-5.10.3.jar;C:\Users\siebe\.m2\repository\org\junit\platform\junit-platform-engine\1.10.3\junit-platform-engine-1.10.3.jar;C:\Users\siebe\.m2\repository\org\mockito\mockito-core\5.7.0\mockito-core-5.7.0.jar;C:\Users\siebe\.m2\repository\net\bytebuddy\byte-buddy-agent\1.14.19\byte-buddy-agent-1.14.19.jar;C:\Users\siebe\.m2\repository\org\objenesis\objenesis\3.3\objenesis-3.3.jar;C:\Users\siebe\.m2\repository\org\mockito\mockito-junit-jupiter\5.7.0\mockito-junit-jupiter-5.7.0.jar;C:\Users\siebe\.m2\repository\org\skyscreamer\jsonassert\1.5.3\jsonassert-1.5.3.jar;C:\Users\siebe\.m2\repository\com\vaadin\external\google\android-json\0.0.20131108.vaadin1\android-json-0.0.20131108.vaadin1.jar;C:\Users\siebe\.m2\repository\org\springframework\spring-core\6.1.12\spring-core-6.1.12.jar;C:\Users\siebe\.m2\repository\org\springframework\spring-jcl\6.1.12\spring-jcl-6.1.12.jar;C:\Users\siebe\.m2\repository\org\springframework\spring-test\6.1.12\spring-test-6.1.12.jar;C:\Users\siebe\.m2\repository\org\xmlunit\xmlunit-core\2.9.1\xmlunit-core-2.9.1.jar;"/>
    <property name="sun.cpu.endian" value="little"/>
    <property name="user.home" value="C:\Users\siebe"/>
    <property name="user.language" value="en"/>
    <property name="java.specification.vendor" value="Oracle Corporation"/>
    <property name="java.version.date" value="2025-07-15"/>
    <property name="java.home" value="C:\Program Files\Java\jdk-21"/>
    <property name="file.separator" value="\"/>
    <property name="basedir" value="D:\prasanna\z-ai\aug23\workspace-be\purchase-post-service"/>
    <property name="java.vm.compressedOopsMode" value="32-bit"/>
    <property name="line.separator" value="&#10;"/>
    <property name="java.vm.specification.vendor" value="Oracle Corporation"/>
    <property name="java.specification.name" value="Java Platform API Specification"/>
    <property name="surefire.real.class.path" value="C:\Users\siebe\AppData\Local\Temp\surefire8559307836349538652\surefirebooter-20250827171848393_3.jar"/>
    <property name="user.script" value=""/>
    <property name="sun.management.compiler" value="HotSpot 64-Bit Tiered Compilers"/>
    <property name="java.runtime.version" value="21.0.8+12-LTS-250"/>
    <property name="user.name" value="siebe"/>
    <property name="stdout.encoding" value="Cp1252"/>
    <property name="path.separator" value=";"/>
    <property name="os.version" value="10.0"/>
    <property name="java.runtime.name" value="Java(TM) SE Runtime Environment"/>
    <property name="file.encoding" value="UTF-8"/>
    <property name="java.vm.name" value="Java HotSpot(TM) 64-Bit Server VM"/>
    <property name="localRepository" value="C:\Users\siebe\.m2\repository"/>
    <property name="java.vendor.url.bug" value="https://bugreport.java.com/bugreport/"/>
    <property name="java.io.tmpdir" value="C:\Users\siebe\AppData\Local\Temp\"/>
    <property name="java.version" value="21.0.8"/>
    <property name="user.dir" value="D:\prasanna\z-ai\aug23\workspace-be\purchase-post-service"/>
    <property name="os.arch" value="amd64"/>
    <property name="java.vm.specification.name" value="Java Virtual Machine Specification"/>
    <property name="sun.os.patch.level" value=""/>
    <property name="native.encoding" value="Cp1252"/>
    <property name="java.library.path" value="C:\Program Files\Java\jdk-21\bin;C:\Windows\Sun\Java\bin;C:\Windows\system32;C:\Windows;C:\Program Files\Common Files\Oracle\Java\javapath;C:\Windows\system32;C:\Windows;C:\Windows\System32\Wbem;C:\Windows\System32\WindowsPowerShell\v1.0\;C:\Windows\System32\OpenSSH\;C:\Program Files\dotnet\;C:\Program Files\MySQL\MySQL Server 8.0\bin;C:\Program Files\Pandoc\;C:\Program Files\Git\cmd;C:\Program Files\nodejs\;C:\Program Files\MySQL\MySQL Shell 8.0\bin\;C:\Users\siebe\AppData\Local\Microsoft\WindowsApps;C:\Users\siebe\AppData\Local\Programs\MiKTeX\miktex\bin\x64\;C:\Program Files\Graphviz\bin;C:\Users\siebe\AppData\Local\Programs\Microsoft VS Code\bin;C:\Users\siebe\AppData\Roaming\npm;C:\Program Files\nodejs;C:\Program Files\apache-maven-3.9.11\bin;C:\Program Files\Java\jdk-21\bin;C:\Users\siebe\AppData\Local\Programs\Qoder\bin;."/>
    <property name="java.vm.info" value="mixed mode, sharing"/>
    <property name="stderr.encoding" value="Cp1252"/>
    <property name="java.vendor" value="Oracle Corporation"/>
    <property name="java.vm.version" value="21.0.8+12-LTS-250"/>
    <property name="sun.io.unicode.encoding" value="UnicodeLittle"/>
    <property name="java.class.version" value="65.0"/>
  </properties>
  <testcase name="createPresignedUpload_LargeFile_HandlesCorrectly" classname="com.app.media.service.MediaServiceImplTest" time="0.298"/>
  <testcase name="createPresignedUpload_SuccessfulTransaction_SavesMediaTwice" classname="com.app.media.service.MediaServiceImplTest" time="0.0"/>
  <testcase name="createPresignedUpload_UpdatesMediaWithUrl" classname="com.app.media.service.MediaServiceImplTest" time="0.016"/>
  <testcase name="createPresignedUpload_VideoFile_HandlesCorrectly" classname="com.app.media.service.MediaServiceImplTest" time="0.005"/>
  <testcase name="createPresignedUpload_ValidRequest_ReturnsPresignedUrlResponse" classname="com.app.media.service.MediaServiceImplTest" time="0.011"/>
  <testcase name="createPresignedUpload_CallsGeneratorWithCorrectParameters" classname="com.app.media.service.MediaServiceImplTest" time="0.006"/>
  <testcase name="createPresignedUpload_GeneratesCorrectS3Key" classname="com.app.media.service.MediaServiceImplTest" time="0.01"/>
  <testcase name="createPresignedUpload_FileWithSpecialCharacters_HandlesCorrectly" classname="com.app.media.service.MediaServiceImplTest" time="0.007"/>
  <testcase name="createPresignedUpload_DocumentFile_HandlesCorrectly" classname="com.app.media.service.MediaServiceImplTest" time="0.0"/>
  <testcase name="createPresignedUpload_NoUsersInDB_ThrowsNotFoundException" classname="com.app.media.service.MediaServiceImplTest" time="0.009"/>
  <testcase name="createPresignedUpload_CreatesMediaWithCorrectData" classname="com.app.media.service.MediaServiceImplTest" time="0.008"/>
</testsuite>